<?xml version="1.0" encoding="UTF-8" standalone="no"?>
<testsuite failures="5" name="cucumber.runtime.formatter.JUnitFormatter" skipped="0" tests="6" time="15.178195">
    <testcase classname="To validate the login functionality of facebook application" name="To validate the valid username and invalid password" time="0.003869">
        <failure message="The scenario has pending or undefined step(s)"><![CDATA[Given To launch the chrome browser and maximize window......................undefined
When To launch url of the facebook applicaton...............................undefined
And To pass valid username in email field...................................undefined
And To pass invalid password in password field..............................undefined
And To click the login button...............................................undefined
And To check whether it navigate to the homepage or not.....................undefined
Then To close browser.......................................................undefined
]]></failure>
    </testcase>
    <testcase classname="To validate the login functionality of facebook application" name="To validate the positive and negative  combination of login" time="0.000294">
        <failure message="The scenario has pending or undefined step(s)"><![CDATA[Given To launch the chrome browser and maximize window......................undefined
When User has to hit the facebook url.......................................undefined
And User has to pass the data "karthickraju@gamil.com" in email field.......undefined
And User has  to pass the data"85679134" in password field..................undefined
And User has to click the login button......................................undefined
Then User has to close the browser..........................................undefined
]]></failure>
    </testcase>
    <testcase classname="To validate the login functionality of facebook application" name="To validate the positive and negative  combination of login 2" time="0.00025">
        <failure message="The scenario has pending or undefined step(s)"><![CDATA[Given To launch the chrome browser and maximize window......................undefined
When User has to hit the facebook url.......................................undefined
And User has to pass the data "k@gamil.com" in email field..................undefined
And User has  to pass the data"479923214" in password field.................undefined
And User has to click the login button......................................undefined
Then User has to close the browser..........................................undefined
]]></failure>
    </testcase>
    <testcase classname="To validate the login functionality of facebook application" name="To validate the positive and negative  combination of login 3" time="0.000213">
        <failure message="The scenario has pending or undefined step(s)"><![CDATA[Given To launch the chrome browser and maximize window......................undefined
When User has to hit the facebook url.......................................undefined
And User has to pass the data "r@gamil.com" in email field..................undefined
And User has  to pass the data"4752332356565" in password field.............undefined
And User has to click the login button......................................undefined
Then User has to close the browser..........................................undefined
]]></failure>
    </testcase>
    <testcase classname="To validate the login functionality of facebook application" name="To validate the positive and negative  combination of login 4" time="0.000373">
        <failure message="The scenario has pending or undefined step(s)"><![CDATA[Given To launch the chrome browser and maximize window......................undefined
When User has to hit the facebook url.......................................undefined
And User has to pass the data "u@gamil.com" in email field..................undefined
And User has  to pass the data"6556656655" in password field................undefined
And User has to click the login button......................................undefined
Then User has to close the browser..........................................undefined
]]></failure>
    </testcase>
    <testcase classname="To validate the account creation of fb application" name="To create new account" time="15.173196">
        <system-out><![CDATA[Given To launch the browser and maximise the window.........................passed
When To launch url of fb application........................................passed
And To click the create new account button..................................passed
And To pass firstname in firstname textbox..................................passed
And To pass secondname  in secondname textbox...............................passed
And To pass mobileno or email in email text box.............................passed
And To create new password using new password text box......................passed
Then To close the chrome browser............................................passed
]]></system-out>
    </testcase>
</testsuite>
